<xml>
  <key>高德地图key</key>
</xml>
